<?xml version="1.0" encoding="UTF-8"?>
<testsuites name="Favorites API Data-Driven Tests" tests="12" time="1.300">
  <testsuite name="POST /favorites - Data-Driven Test" id="049f5541-eab4-4a90-819d-94bb57f56e8b" timestamp="2025-08-05T17:39:08.966Z" tests="4" failures="12" errors="0" time="0.108">
    <testcase name="Valid user adds valid product to favorites - Status Code" time="0.094" classname="PostFavoritesDataDrivenTest">
      <failure type="AssertionFailure" message="expected 401 to equal 201">
        <![CDATA[Failed 1 times.]]>
        <![CDATA[Collection JSON ID: e9ac4a54-0503-4e37-a526-ab02bdcc6b0e.]]>
        <![CDATA[Collection name: Favorites API Data-Driven Tests.]]>
        <![CDATA[Request name: POST /favorites - Data-Driven Test.]]>
        <![CDATA[Test description: Valid user adds valid product to favorites - Status Code.]]>
        <![CDATA[Error message: expected 401 to equal 201.]]>
        <![CDATA[Stacktrace: AssertionError: expected 401 to equal 201
   at Object.eval sandbox-script.js:1:1).]]>
      </failure>
    </testcase>
    <testcase name="Valid user adds valid product to favorites - Response Time" time="0.094" classname="PostFavoritesDataDrivenTest"/>
    <testcase name="Valid user adds valid product to favorites - Content Type" time="0.094" classname="PostFavoritesDataDrivenTest"/>
    <testcase name="Valid user adds valid product to favorites - Successful Creation Response" time="0.094" classname="PostFavoritesDataDrivenTest">
      <failure type="AssertionFailure" message="expected { message: 'Unauthorized' } to have property 'data'">
        <![CDATA[Failed 1 times.]]>
        <![CDATA[Collection JSON ID: e9ac4a54-0503-4e37-a526-ab02bdcc6b0e.]]>
        <![CDATA[Collection name: Favorites API Data-Driven Tests.]]>
        <![CDATA[Request name: POST /favorites - Data-Driven Test.]]>
        <![CDATA[Test description: Valid user adds valid product to favorites - Successful Creation Response.]]>
        <![CDATA[Error message: expected { message: 'Unauthorized' } to have property 'data'.]]>
        <![CDATA[Stacktrace: AssertionError: expected { message: 'Unauthorized' } to have property 'data'
   at Object.eval sandbox-script.js:4:1).]]>
      </failure>
    </testcase>
    <testcase name="Valid user adds valid product to favorites - Product ID Matches" time="0.094" classname="PostFavoritesDataDrivenTest">
      <failure type="AssertionFailure" message="Cannot read properties of undefined (reading 'product_id')">
        <![CDATA[Failed 1 times.]]>
        <![CDATA[Collection JSON ID: e9ac4a54-0503-4e37-a526-ab02bdcc6b0e.]]>
        <![CDATA[Collection name: Favorites API Data-Driven Tests.]]>
        <![CDATA[Request name: POST /favorites - Data-Driven Test.]]>
        <![CDATA[Test description: Valid user adds valid product to favorites - Product ID Matches.]]>
        <![CDATA[Error message: Cannot read properties of undefined (reading 'product_id').]]>
        <![CDATA[Stacktrace: TypeError: Cannot read properties of undefined (reading 'product_id')
   at Object.eval sandbox-script.js:5:1).]]>
      </failure>
    </testcase>
    <testcase name="Valid user tries to add non-existent product - Status Code" time="0.094" classname="PostFavoritesDataDrivenTest">
      <failure type="AssertionFailure" message="expected 401 to equal 422">
        <![CDATA[Failed 1 times.]]>
        <![CDATA[Collection JSON ID: e9ac4a54-0503-4e37-a526-ab02bdcc6b0e.]]>
        <![CDATA[Collection name: Favorites API Data-Driven Tests.]]>
        <![CDATA[Request name: POST /favorites - Data-Driven Test.]]>
        <![CDATA[Test description: Valid user tries to add non-existent product - Status Code.]]>
        <![CDATA[Error message: expected 401 to equal 422.]]>
        <![CDATA[Stacktrace: AssertionError: expected 401 to equal 422
   at Object.eval sandbox-script.js:1:1).]]>
      </failure>
    </testcase>
    <testcase name="Valid user tries to add non-existent product - Response Time" time="0.094" classname="PostFavoritesDataDrivenTest"/>
    <testcase name="Valid user tries to add non-existent product - Content Type" time="0.094" classname="PostFavoritesDataDrivenTest"/>
    <testcase name="Valid user tries to add non-existent product - Validation Error Response" time="0.094" classname="PostFavoritesDataDrivenTest"/>
    <testcase name="Valid user tries to add product with negative ID - Status Code" time="0.094" classname="PostFavoritesDataDrivenTest">
      <failure type="AssertionFailure" message="expected 401 to equal 422">
        <![CDATA[Failed 1 times.]]>
        <![CDATA[Collection JSON ID: e9ac4a54-0503-4e37-a526-ab02bdcc6b0e.]]>
        <![CDATA[Collection name: Favorites API Data-Driven Tests.]]>
        <![CDATA[Request name: POST /favorites - Data-Driven Test.]]>
        <![CDATA[Test description: Valid user tries to add product with negative ID - Status Code.]]>
        <![CDATA[Error message: expected 401 to equal 422.]]>
        <![CDATA[Stacktrace: AssertionError: expected 401 to equal 422
   at Object.eval sandbox-script.js:1:1).]]>
      </failure>
    </testcase>
    <testcase name="Valid user tries to add product with negative ID - Response Time" time="0.094" classname="PostFavoritesDataDrivenTest"/>
    <testcase name="Valid user tries to add product with negative ID - Content Type" time="0.094" classname="PostFavoritesDataDrivenTest"/>
    <testcase name="Valid user tries to add product with negative ID - Validation Error Response" time="0.094" classname="PostFavoritesDataDrivenTest"/>
    <testcase name="Valid user tries to add product with ID zero - Status Code" time="0.094" classname="PostFavoritesDataDrivenTest">
      <failure type="AssertionFailure" message="expected 401 to equal 422">
        <![CDATA[Failed 1 times.]]>
        <![CDATA[Collection JSON ID: e9ac4a54-0503-4e37-a526-ab02bdcc6b0e.]]>
        <![CDATA[Collection name: Favorites API Data-Driven Tests.]]>
        <![CDATA[Request name: POST /favorites - Data-Driven Test.]]>
        <![CDATA[Test description: Valid user tries to add product with ID zero - Status Code.]]>
        <![CDATA[Error message: expected 401 to equal 422.]]>
        <![CDATA[Stacktrace: AssertionError: expected 401 to equal 422
   at Object.eval sandbox-script.js:1:1).]]>
      </failure>
    </testcase>
    <testcase name="Valid user tries to add product with ID zero - Response Time" time="0.094" classname="PostFavoritesDataDrivenTest"/>
    <testcase name="Valid user tries to add product with ID zero - Content Type" time="0.094" classname="PostFavoritesDataDrivenTest"/>
    <testcase name="Valid user tries to add product with ID zero - Validation Error Response" time="0.094" classname="PostFavoritesDataDrivenTest"/>
    <testcase name="Valid user tries to add product with string ID - Status Code" time="0.094" classname="PostFavoritesDataDrivenTest">
      <failure type="AssertionFailure" message="expected 401 to equal 422">
        <![CDATA[Failed 1 times.]]>
        <![CDATA[Collection JSON ID: e9ac4a54-0503-4e37-a526-ab02bdcc6b0e.]]>
        <![CDATA[Collection name: Favorites API Data-Driven Tests.]]>
        <![CDATA[Request name: POST /favorites - Data-Driven Test.]]>
        <![CDATA[Test description: Valid user tries to add product with string ID - Status Code.]]>
        <![CDATA[Error message: expected 401 to equal 422.]]>
        <![CDATA[Stacktrace: AssertionError: expected 401 to equal 422
   at Object.eval sandbox-script.js:1:1).]]>
      </failure>
    </testcase>
    <testcase name="Valid user tries to add product with string ID - Response Time" time="0.094" classname="PostFavoritesDataDrivenTest"/>
    <testcase name="Valid user tries to add product with string ID - Content Type" time="0.094" classname="PostFavoritesDataDrivenTest"/>
    <testcase name="Valid user tries to add product with string ID - Validation Error Response" time="0.094" classname="PostFavoritesDataDrivenTest"/>
    <testcase name="Valid user sends empty product_id - Status Code" time="0.094" classname="PostFavoritesDataDrivenTest">
      <failure type="AssertionFailure" message="expected 401 to equal 422">
        <![CDATA[Failed 1 times.]]>
        <![CDATA[Collection JSON ID: e9ac4a54-0503-4e37-a526-ab02bdcc6b0e.]]>
        <![CDATA[Collection name: Favorites API Data-Driven Tests.]]>
        <![CDATA[Request name: POST /favorites - Data-Driven Test.]]>
        <![CDATA[Test description: Valid user sends empty product_id - Status Code.]]>
        <![CDATA[Error message: expected 401 to equal 422.]]>
        <![CDATA[Stacktrace: AssertionError: expected 401 to equal 422
   at Object.eval sandbox-script.js:1:1).]]>
      </failure>
    </testcase>
    <testcase name="Valid user sends empty product_id - Response Time" time="0.094" classname="PostFavoritesDataDrivenTest"/>
    <testcase name="Valid user sends empty product_id - Content Type" time="0.094" classname="PostFavoritesDataDrivenTest"/>
    <testcase name="Valid user sends empty product_id - Validation Error Response" time="0.094" classname="PostFavoritesDataDrivenTest"/>
    <testcase name="Valid user sends missing product_id field - Status Code" time="0.094" classname="PostFavoritesDataDrivenTest">
      <failure type="AssertionFailure" message="expected 401 to equal 422">
        <![CDATA[Failed 1 times.]]>
        <![CDATA[Collection JSON ID: e9ac4a54-0503-4e37-a526-ab02bdcc6b0e.]]>
        <![CDATA[Collection name: Favorites API Data-Driven Tests.]]>
        <![CDATA[Request name: POST /favorites - Data-Driven Test.]]>
        <![CDATA[Test description: Valid user sends missing product_id field - Status Code.]]>
        <![CDATA[Error message: expected 401 to equal 422.]]>
        <![CDATA[Stacktrace: AssertionError: expected 401 to equal 422
   at Object.eval sandbox-script.js:1:1).]]>
      </failure>
    </testcase>
    <testcase name="Valid user sends missing product_id field - Response Time" time="0.094" classname="PostFavoritesDataDrivenTest"/>
    <testcase name="Valid user sends missing product_id field - Content Type" time="0.094" classname="PostFavoritesDataDrivenTest"/>
    <testcase name="Valid user sends missing product_id field - Validation Error Response" time="0.094" classname="PostFavoritesDataDrivenTest"/>
    <testcase name="Unauthenticated request with valid product - Status Code" time="0.094" classname="PostFavoritesDataDrivenTest"/>
    <testcase name="Unauthenticated request with valid product - Response Time" time="0.094" classname="PostFavoritesDataDrivenTest"/>
    <testcase name="Unauthenticated request with valid product - Content Type" time="0.094" classname="PostFavoritesDataDrivenTest"/>
    <testcase name="Unauthenticated request with valid product - Unauthorized Response" time="0.094" classname="PostFavoritesDataDrivenTest"/>
    <testcase name="Invalid token with valid product - Status Code" time="0.094" classname="PostFavoritesDataDrivenTest"/>
    <testcase name="Invalid token with valid product - Response Time" time="0.094" classname="PostFavoritesDataDrivenTest"/>
    <testcase name="Invalid token with valid product - Content Type" time="0.094" classname="PostFavoritesDataDrivenTest"/>
    <testcase name="Invalid token with valid product - Unauthorized Response" time="0.094" classname="PostFavoritesDataDrivenTest"/>
    <testcase name="SQL injection attempt in product_id - Status Code" time="0.094" classname="PostFavoritesDataDrivenTest">
      <failure type="AssertionFailure" message="expected 401 to equal 422">
        <![CDATA[Failed 1 times.]]>
        <![CDATA[Collection JSON ID: e9ac4a54-0503-4e37-a526-ab02bdcc6b0e.]]>
        <![CDATA[Collection name: Favorites API Data-Driven Tests.]]>
        <![CDATA[Request name: POST /favorites - Data-Driven Test.]]>
        <![CDATA[Test description: SQL injection attempt in product_id - Status Code.]]>
        <![CDATA[Error message: expected 401 to equal 422.]]>
        <![CDATA[Stacktrace: AssertionError: expected 401 to equal 422
   at Object.eval sandbox-script.js:1:1).]]>
      </failure>
    </testcase>
    <testcase name="SQL injection attempt in product_id - Response Time" time="0.094" classname="PostFavoritesDataDrivenTest"/>
    <testcase name="SQL injection attempt in product_id - Content Type" time="0.094" classname="PostFavoritesDataDrivenTest"/>
    <testcase name="SQL injection attempt in product_id - Validation Error Response" time="0.094" classname="PostFavoritesDataDrivenTest"/>
    <testcase name="SQL injection attempt in product_id - No SQL Error Exposed" time="0.094" classname="PostFavoritesDataDrivenTest"/>
    <testcase name="SQL injection attempt in product_id - No Script Execution" time="0.094" classname="PostFavoritesDataDrivenTest"/>
    <testcase name="XSS attempt in product_id - Status Code" time="0.094" classname="PostFavoritesDataDrivenTest">
      <failure type="AssertionFailure" message="expected 401 to equal 422">
        <![CDATA[Failed 1 times.]]>
        <![CDATA[Collection JSON ID: e9ac4a54-0503-4e37-a526-ab02bdcc6b0e.]]>
        <![CDATA[Collection name: Favorites API Data-Driven Tests.]]>
        <![CDATA[Request name: POST /favorites - Data-Driven Test.]]>
        <![CDATA[Test description: XSS attempt in product_id - Status Code.]]>
        <![CDATA[Error message: expected 401 to equal 422.]]>
        <![CDATA[Stacktrace: AssertionError: expected 401 to equal 422
   at Object.eval sandbox-script.js:1:1).]]>
      </failure>
    </testcase>
    <testcase name="XSS attempt in product_id - Response Time" time="0.094" classname="PostFavoritesDataDrivenTest"/>
    <testcase name="XSS attempt in product_id - Content Type" time="0.094" classname="PostFavoritesDataDrivenTest"/>
    <testcase name="XSS attempt in product_id - Validation Error Response" time="0.094" classname="PostFavoritesDataDrivenTest"/>
    <testcase name="XSS attempt in product_id - No SQL Error Exposed" time="0.094" classname="PostFavoritesDataDrivenTest"/>
    <testcase name="XSS attempt in product_id - No Script Execution" time="0.094" classname="PostFavoritesDataDrivenTest"/>
    <testcase name="Valid user tries to add product with float ID - Status Code" time="0.094" classname="PostFavoritesDataDrivenTest">
      <failure type="AssertionFailure" message="expected 401 to equal 422">
        <![CDATA[Failed 1 times.]]>
        <![CDATA[Collection JSON ID: e9ac4a54-0503-4e37-a526-ab02bdcc6b0e.]]>
        <![CDATA[Collection name: Favorites API Data-Driven Tests.]]>
        <![CDATA[Request name: POST /favorites - Data-Driven Test.]]>
        <![CDATA[Test description: Valid user tries to add product with float ID - Status Code.]]>
        <![CDATA[Error message: expected 401 to equal 422.]]>
        <![CDATA[Stacktrace: AssertionError: expected 401 to equal 422
   at Object.eval sandbox-script.js:1:1).]]>
      </failure>
    </testcase>
    <testcase name="Valid user tries to add product with float ID - Response Time" time="0.094" classname="PostFavoritesDataDrivenTest"/>
    <testcase name="Valid user tries to add product with float ID - Content Type" time="0.094" classname="PostFavoritesDataDrivenTest"/>
    <testcase name="Valid user tries to add product with float ID - Validation Error Response" time="0.094" classname="PostFavoritesDataDrivenTest"/>
  </testsuite>
</testsuites>