<?xml version="1.0" encoding="UTF-8"?>
<testsuites name="Users API Data-Driven Tests" tests="10" time="2.307">
  <testsuite name="POST /users/login - Data-Driven Test" id="fc4cfe93-b2b4-410c-a478-931adc0a178c" timestamp="2025-08-05T17:38:40.603Z" tests="4" failures="14" errors="0" time="0.231">
    <testcase name="Admin login with valid credentials - Status Code" time="0.101" classname="PostUsersLoginDataDrivenTest"/>
    <testcase name="Admin login with valid credentials - Response Time" time="0.101" classname="PostUsersLoginDataDrivenTest"/>
    <testcase name="Admin login with valid credentials - Content Type" time="0.101" classname="PostUsersLoginDataDrivenTest"/>
    <testcase name="Admin login with valid credentials - Successful Login Response" time="0.101" classname="PostUsersLoginDataDrivenTest"/>
    <testcase name="Admin login with valid credentials - Store Token" time="0.101" classname="PostUsersLoginDataDrivenTest"/>
    <testcase name="Regular user login with valid credentials - Status Code" time="0.101" classname="PostUsersLoginDataDrivenTest"/>
    <testcase name="Regular user login with valid credentials - Response Time" time="0.101" classname="PostUsersLoginDataDrivenTest"/>
    <testcase name="Regular user login with valid credentials - Content Type" time="0.101" classname="PostUsersLoginDataDrivenTest"/>
    <testcase name="Regular user login with valid credentials - Successful Login Response" time="0.101" classname="PostUsersLoginDataDrivenTest"/>
    <testcase name="Regular user login with valid credentials - Store Token" time="0.101" classname="PostUsersLoginDataDrivenTest"/>
    <testcase name="Login with non-existent email - Status Code" time="0.101" classname="PostUsersLoginDataDrivenTest"/>
    <testcase name="Login with non-existent email - Response Time" time="0.101" classname="PostUsersLoginDataDrivenTest"/>
    <testcase name="Login with non-existent email - Content Type" time="0.101" classname="PostUsersLoginDataDrivenTest"/>
    <testcase name="Login with non-existent email - Error Response Structure" time="0.101" classname="PostUsersLoginDataDrivenTest">
      <failure type="AssertionFailure" message="expected { error: 'Unauthorized' } to have property 'message'">
        <![CDATA[Failed 1 times.]]>
        <![CDATA[Collection JSON ID: fd7e22bf-e457-495e-9c1e-2054e8a855ad.]]>
        <![CDATA[Collection name: Users API Data-Driven Tests.]]>
        <![CDATA[Request name: POST /users/login - Data-Driven Test.]]>
        <![CDATA[Test description: Login with non-existent email - Error Response Structure.]]>
        <![CDATA[Error message: expected { error: 'Unauthorized' } to have property 'message'.]]>
        <![CDATA[Stacktrace: AssertionError: expected { error: 'Unauthorized' } to have property 'message'
   at Object.eval sandbox-script.js:4:1).]]>
      </failure>
    </testcase>
    <testcase name="Login with incorrect password - Status Code" time="0.101" classname="PostUsersLoginDataDrivenTest"/>
    <testcase name="Login with incorrect password - Response Time" time="0.101" classname="PostUsersLoginDataDrivenTest"/>
    <testcase name="Login with incorrect password - Content Type" time="0.101" classname="PostUsersLoginDataDrivenTest"/>
    <testcase name="Login with incorrect password - Error Response Structure" time="0.101" classname="PostUsersLoginDataDrivenTest">
      <failure type="AssertionFailure" message="expected { error: 'Unauthorized' } to have property 'message'">
        <![CDATA[Failed 1 times.]]>
        <![CDATA[Collection JSON ID: fd7e22bf-e457-495e-9c1e-2054e8a855ad.]]>
        <![CDATA[Collection name: Users API Data-Driven Tests.]]>
        <![CDATA[Request name: POST /users/login - Data-Driven Test.]]>
        <![CDATA[Test description: Login with incorrect password - Error Response Structure.]]>
        <![CDATA[Error message: expected { error: 'Unauthorized' } to have property 'message'.]]>
        <![CDATA[Stacktrace: AssertionError: expected { error: 'Unauthorized' } to have property 'message'
   at Object.eval sandbox-script.js:4:1).]]>
      </failure>
    </testcase>
    <testcase name="Login with empty email field - Status Code" time="0.101" classname="PostUsersLoginDataDrivenTest">
      <failure type="AssertionFailure" message="expected 401 to equal 422">
        <![CDATA[Failed 1 times.]]>
        <![CDATA[Collection JSON ID: fd7e22bf-e457-495e-9c1e-2054e8a855ad.]]>
        <![CDATA[Collection name: Users API Data-Driven Tests.]]>
        <![CDATA[Request name: POST /users/login - Data-Driven Test.]]>
        <![CDATA[Test description: Login with empty email field - Status Code.]]>
        <![CDATA[Error message: expected 401 to equal 422.]]>
        <![CDATA[Stacktrace: AssertionError: expected 401 to equal 422
   at Object.eval sandbox-script.js:1:1).]]>
      </failure>
    </testcase>
    <testcase name="Login with empty email field - Response Time" time="0.101" classname="PostUsersLoginDataDrivenTest"/>
    <testcase name="Login with empty email field - Content Type" time="0.101" classname="PostUsersLoginDataDrivenTest"/>
    <testcase name="Login with empty email field - Error Response Structure" time="0.101" classname="PostUsersLoginDataDrivenTest">
      <failure type="AssertionFailure" message="expected { error: 'Unauthorized' } to have property 'message'">
        <![CDATA[Failed 1 times.]]>
        <![CDATA[Collection JSON ID: fd7e22bf-e457-495e-9c1e-2054e8a855ad.]]>
        <![CDATA[Collection name: Users API Data-Driven Tests.]]>
        <![CDATA[Request name: POST /users/login - Data-Driven Test.]]>
        <![CDATA[Test description: Login with empty email field - Error Response Structure.]]>
        <![CDATA[Error message: expected { error: 'Unauthorized' } to have property 'message'.]]>
        <![CDATA[Stacktrace: AssertionError: expected { error: 'Unauthorized' } to have property 'message'
   at Object.eval sandbox-script.js:4:1).]]>
      </failure>
    </testcase>
    <testcase name="Login with empty email field - Validation Error Details" time="0.101" classname="PostUsersLoginDataDrivenTest">
      <failure type="AssertionFailure" message="expected { error: 'Unauthorized' } to have property 'errors'">
        <![CDATA[Failed 1 times.]]>
        <![CDATA[Collection JSON ID: fd7e22bf-e457-495e-9c1e-2054e8a855ad.]]>
        <![CDATA[Collection name: Users API Data-Driven Tests.]]>
        <![CDATA[Request name: POST /users/login - Data-Driven Test.]]>
        <![CDATA[Test description: Login with empty email field - Validation Error Details.]]>
        <![CDATA[Error message: expected { error: 'Unauthorized' } to have property 'errors'.]]>
        <![CDATA[Stacktrace: AssertionError: expected { error: 'Unauthorized' } to have property 'errors'
   at Object.eval sandbox-script.js:5:1).]]>
      </failure>
    </testcase>
    <testcase name="Login with empty password field - Status Code" time="0.101" classname="PostUsersLoginDataDrivenTest">
      <failure type="AssertionFailure" message="expected 401 to equal 422">
        <![CDATA[Failed 1 times.]]>
        <![CDATA[Collection JSON ID: fd7e22bf-e457-495e-9c1e-2054e8a855ad.]]>
        <![CDATA[Collection name: Users API Data-Driven Tests.]]>
        <![CDATA[Request name: POST /users/login - Data-Driven Test.]]>
        <![CDATA[Test description: Login with empty password field - Status Code.]]>
        <![CDATA[Error message: expected 401 to equal 422.]]>
        <![CDATA[Stacktrace: AssertionError: expected 401 to equal 422
   at Object.eval sandbox-script.js:1:1).]]>
      </failure>
    </testcase>
    <testcase name="Login with empty password field - Response Time" time="0.101" classname="PostUsersLoginDataDrivenTest"/>
    <testcase name="Login with empty password field - Content Type" time="0.101" classname="PostUsersLoginDataDrivenTest"/>
    <testcase name="Login with empty password field - Error Response Structure" time="0.101" classname="PostUsersLoginDataDrivenTest">
      <failure type="AssertionFailure" message="expected { error: 'Unauthorized' } to have property 'message'">
        <![CDATA[Failed 1 times.]]>
        <![CDATA[Collection JSON ID: fd7e22bf-e457-495e-9c1e-2054e8a855ad.]]>
        <![CDATA[Collection name: Users API Data-Driven Tests.]]>
        <![CDATA[Request name: POST /users/login - Data-Driven Test.]]>
        <![CDATA[Test description: Login with empty password field - Error Response Structure.]]>
        <![CDATA[Error message: expected { error: 'Unauthorized' } to have property 'message'.]]>
        <![CDATA[Stacktrace: AssertionError: expected { error: 'Unauthorized' } to have property 'message'
   at Object.eval sandbox-script.js:4:1).]]>
      </failure>
    </testcase>
    <testcase name="Login with empty password field - Validation Error Details" time="0.101" classname="PostUsersLoginDataDrivenTest">
      <failure type="AssertionFailure" message="expected { error: 'Unauthorized' } to have property 'errors'">
        <![CDATA[Failed 1 times.]]>
        <![CDATA[Collection JSON ID: fd7e22bf-e457-495e-9c1e-2054e8a855ad.]]>
        <![CDATA[Collection name: Users API Data-Driven Tests.]]>
        <![CDATA[Request name: POST /users/login - Data-Driven Test.]]>
        <![CDATA[Test description: Login with empty password field - Validation Error Details.]]>
        <![CDATA[Error message: expected { error: 'Unauthorized' } to have property 'errors'.]]>
        <![CDATA[Stacktrace: AssertionError: expected { error: 'Unauthorized' } to have property 'errors'
   at Object.eval sandbox-script.js:5:1).]]>
      </failure>
    </testcase>
    <testcase name="Login with malformed email format - Status Code" time="0.101" classname="PostUsersLoginDataDrivenTest">
      <failure type="AssertionFailure" message="expected 401 to equal 422">
        <![CDATA[Failed 1 times.]]>
        <![CDATA[Collection JSON ID: fd7e22bf-e457-495e-9c1e-2054e8a855ad.]]>
        <![CDATA[Collection name: Users API Data-Driven Tests.]]>
        <![CDATA[Request name: POST /users/login - Data-Driven Test.]]>
        <![CDATA[Test description: Login with malformed email format - Status Code.]]>
        <![CDATA[Error message: expected 401 to equal 422.]]>
        <![CDATA[Stacktrace: AssertionError: expected 401 to equal 422
   at Object.eval sandbox-script.js:1:1).]]>
      </failure>
    </testcase>
    <testcase name="Login with malformed email format - Response Time" time="0.101" classname="PostUsersLoginDataDrivenTest"/>
    <testcase name="Login with malformed email format - Content Type" time="0.101" classname="PostUsersLoginDataDrivenTest"/>
    <testcase name="Login with malformed email format - Error Response Structure" time="0.101" classname="PostUsersLoginDataDrivenTest">
      <failure type="AssertionFailure" message="expected { error: 'Unauthorized' } to have property 'message'">
        <![CDATA[Failed 1 times.]]>
        <![CDATA[Collection JSON ID: fd7e22bf-e457-495e-9c1e-2054e8a855ad.]]>
        <![CDATA[Collection name: Users API Data-Driven Tests.]]>
        <![CDATA[Request name: POST /users/login - Data-Driven Test.]]>
        <![CDATA[Test description: Login with malformed email format - Error Response Structure.]]>
        <![CDATA[Error message: expected { error: 'Unauthorized' } to have property 'message'.]]>
        <![CDATA[Stacktrace: AssertionError: expected { error: 'Unauthorized' } to have property 'message'
   at Object.eval sandbox-script.js:4:1).]]>
      </failure>
    </testcase>
    <testcase name="Login with malformed email format - Validation Error Details" time="0.101" classname="PostUsersLoginDataDrivenTest">
      <failure type="AssertionFailure" message="expected { error: 'Unauthorized' } to have property 'errors'">
        <![CDATA[Failed 1 times.]]>
        <![CDATA[Collection JSON ID: fd7e22bf-e457-495e-9c1e-2054e8a855ad.]]>
        <![CDATA[Collection name: Users API Data-Driven Tests.]]>
        <![CDATA[Request name: POST /users/login - Data-Driven Test.]]>
        <![CDATA[Test description: Login with malformed email format - Validation Error Details.]]>
        <![CDATA[Error message: expected { error: 'Unauthorized' } to have property 'errors'.]]>
        <![CDATA[Stacktrace: AssertionError: expected { error: 'Unauthorized' } to have property 'errors'
   at Object.eval sandbox-script.js:5:1).]]>
      </failure>
    </testcase>
    <testcase name="SQL injection attempt in email field - Status Code" time="0.101" classname="PostUsersLoginDataDrivenTest"/>
    <testcase name="SQL injection attempt in email field - Response Time" time="0.101" classname="PostUsersLoginDataDrivenTest"/>
    <testcase name="SQL injection attempt in email field - Content Type" time="0.101" classname="PostUsersLoginDataDrivenTest"/>
    <testcase name="SQL injection attempt in email field - Error Response Structure" time="0.101" classname="PostUsersLoginDataDrivenTest">
      <failure type="AssertionFailure" message="expected { error: 'Unauthorized' } to have property 'message'">
        <![CDATA[Failed 1 times.]]>
        <![CDATA[Collection JSON ID: fd7e22bf-e457-495e-9c1e-2054e8a855ad.]]>
        <![CDATA[Collection name: Users API Data-Driven Tests.]]>
        <![CDATA[Request name: POST /users/login - Data-Driven Test.]]>
        <![CDATA[Test description: SQL injection attempt in email field - Error Response Structure.]]>
        <![CDATA[Error message: expected { error: 'Unauthorized' } to have property 'message'.]]>
        <![CDATA[Stacktrace: AssertionError: expected { error: 'Unauthorized' } to have property 'message'
   at Object.eval sandbox-script.js:4:1).]]>
      </failure>
    </testcase>
    <testcase name="Password with special characters - Status Code" time="0.101" classname="PostUsersLoginDataDrivenTest"/>
    <testcase name="Password with special characters - Response Time" time="0.101" classname="PostUsersLoginDataDrivenTest"/>
    <testcase name="Password with special characters - Content Type" time="0.101" classname="PostUsersLoginDataDrivenTest"/>
    <testcase name="Password with special characters - Error Response Structure" time="0.101" classname="PostUsersLoginDataDrivenTest">
      <failure type="AssertionFailure" message="expected { error: 'Unauthorized' } to have property 'message'">
        <![CDATA[Failed 1 times.]]>
        <![CDATA[Collection JSON ID: fd7e22bf-e457-495e-9c1e-2054e8a855ad.]]>
        <![CDATA[Collection name: Users API Data-Driven Tests.]]>
        <![CDATA[Request name: POST /users/login - Data-Driven Test.]]>
        <![CDATA[Test description: Password with special characters - Error Response Structure.]]>
        <![CDATA[Error message: expected { error: 'Unauthorized' } to have property 'message'.]]>
        <![CDATA[Stacktrace: AssertionError: expected { error: 'Unauthorized' } to have property 'message'
   at Object.eval sandbox-script.js:4:1).]]>
      </failure>
    </testcase>
    <testcase name="Login with extremely long email - Status Code" time="0.101" classname="PostUsersLoginDataDrivenTest"/>
    <testcase name="Login with extremely long email - Response Time" time="0.101" classname="PostUsersLoginDataDrivenTest"/>
    <testcase name="Login with extremely long email - Content Type" time="0.101" classname="PostUsersLoginDataDrivenTest"/>
    <testcase name="Login with extremely long email - Error Response Structure" time="0.101" classname="PostUsersLoginDataDrivenTest">
      <failure type="AssertionFailure" message="expected { error: 'Unauthorized' } to have property 'message'">
        <![CDATA[Failed 1 times.]]>
        <![CDATA[Collection JSON ID: fd7e22bf-e457-495e-9c1e-2054e8a855ad.]]>
        <![CDATA[Collection name: Users API Data-Driven Tests.]]>
        <![CDATA[Request name: POST /users/login - Data-Driven Test.]]>
        <![CDATA[Test description: Login with extremely long email - Error Response Structure.]]>
        <![CDATA[Error message: expected { error: 'Unauthorized' } to have property 'message'.]]>
        <![CDATA[Stacktrace: AssertionError: expected { error: 'Unauthorized' } to have property 'message'
   at Object.eval sandbox-script.js:4:1).]]>
      </failure>
    </testcase>
  </testsuite>
</testsuites>